<?xml version="1.0" encoding="UTF-8"?>
<!-- Generated by org.testng.reporters.JUnitReportReporter -->
<testsuite hostname="ArunIyer" failures="0" tests="1" name="Excel.ReadExcel" time="4.320" errors="0" timestamp="2023-09-15T19:58:59 IST" skipped="0">
  <testcase classname="Excel.ReadExcel" name="Book" time="4.320"/>
</testsuite> <!-- Excel.ReadExcel -->
